2022-11-30 14:56:45,981 INFO  [org.jboss.modules] (main) JBoss Modules version 1.9.1.Final
2022-11-30 14:56:49,459 INFO  [org.jboss.msc] (main) JBoss MSC version 1.4.11.Final
2022-11-30 14:56:49,475 INFO  [org.jboss.threads] (main) JBoss Threads version 2.3.3.Final
2022-11-30 14:56:49,589 INFO  [org.jboss.as] (MSC service thread 1-2) WFLYSRV0049: WildFly Full 18.0.1.Final (WildFly Core 10.0.3.Final) starting
2022-11-30 14:56:49,591 DEBUG [org.jboss.as.config] (MSC service thread 1-2) Configured system properties:
	file.encoding = Cp1252
	file.separator = \
	java.class.path = A:\_Development\wildfly-18.0.1.Final-lf1\wildfly-18.0.1.Final-lf1\jboss-modules.jar
	java.class.version = 59.0
	java.home = C:\Users\Marcus\.jdks\openjdk-15
	java.io.tmpdir = C:\Users\Marcus\AppData\Local\Temp\
	java.library.path = C:\Users\Marcus\.jdks\openjdk-15\bin;C:\WINDOWS\Sun\Java\bin;C:\WINDOWS\system32;C:\WINDOWS;C:\Program Files (x86)\Common Files\Oracle\Java\javapath;C:\ProgramData\Oracle\Java\javapath;C:\Windows\system32;C:\Windows;C:\Windows\System32\Wbem;C:\Windows\System32\WindowsPowerShell\v1.0\;C:\WINDOWS\system32;C:\WINDOWS;C:\WINDOWS\System32\Wbem;C:\WINDOWS\System32\WindowsPowerShell\v1.0\;C:\WINDOWS\System32\OpenSSH\;C:\Program Files\NVIDIA Corporation\NVIDIA NvDLISR;C:\Program Files (x86)\NVIDIA Corporation\PhysX\Common;C:\Program Files\Git\cmd;C:\WINDOWS\system32;C:\WINDOWS;C:\WINDOWS\System32\Wbem;C:\WINDOWS\System32\WindowsPowerShell\v1.0\;C:\WINDOWS\System32\OpenSSH\;C:\Program Files\nodejs\;C:\ProgramData\chocolatey\bin;C:\Program Files\dotnet\;C:\Users\Marcus\AppData\Local\Programs\MiKTeX 2.9\miktex\bin\x64\;C:\Users\Marcus\AppData\Local\Microsoft\WindowsApps;C:\Users\Marcus\AppData\Local\GitHubDesktop\bin;C:\Users\Marcus\AppData\Local\Programs\Microsoft VS Code\bin;C:\Users\Marcus\AppData\Roaming\npm;.
	java.net.preferIPv4Stack = true
	java.runtime.name = OpenJDK Runtime Environment
	java.runtime.version = 15+36-1562
	java.specification.name = Java Platform API Specification
	java.specification.vendor = Oracle Corporation
	java.specification.version = 15
	java.util.logging.manager = org.jboss.logmanager.LogManager
	java.vendor = Oracle Corporation
	java.vendor.url = https://java.oracle.com/
	java.vendor.url.bug = https://bugreport.java.com/bugreport/
	java.version = 15
	java.version.date = 2020-09-15
	java.vm.compressedOopsMode = 32-bit
	java.vm.info = mixed mode, sharing
	java.vm.name = OpenJDK 64-Bit Server VM
	java.vm.specification.name = Java Virtual Machine Specification
	java.vm.specification.vendor = Oracle Corporation
	java.vm.specification.version = 15
	java.vm.vendor = Oracle Corporation
	java.vm.version = 15+36-1562
	javax.management.builder.initial = org.jboss.as.jmx.PluggableMBeanServerBuilder
	jboss.home.dir = A:\_Development\wildfly-18.0.1.Final-lf1\wildfly-18.0.1.Final-lf1
	jboss.host.name = mc
	jboss.modules.dir = A:\_Development\wildfly-18.0.1.Final-lf1\wildfly-18.0.1.Final-lf1\modules
	jboss.modules.system.pkgs = org.jboss.byteman
	jboss.node.name = mc
	jboss.qualified.host.name = mc
	jboss.server.base.dir = A:\_Development\wildfly-18.0.1.Final-lf1\wildfly-18.0.1.Final-lf1\standalone
	jboss.server.config.dir = A:\_Development\wildfly-18.0.1.Final-lf1\wildfly-18.0.1.Final-lf1\standalone\configuration
	jboss.server.data.dir = A:\_Development\wildfly-18.0.1.Final-lf1\wildfly-18.0.1.Final-lf1\standalone\data
	jboss.server.deploy.dir = A:\_Development\wildfly-18.0.1.Final-lf1\wildfly-18.0.1.Final-lf1\standalone\data\content
	jboss.server.log.dir = A:\_Development\wildfly-18.0.1.Final-lf1\wildfly-18.0.1.Final-lf1\standalone\log
	jboss.server.name = mc
	jboss.server.persist.config = true
	jboss.server.temp.dir = A:\_Development\wildfly-18.0.1.Final-lf1\wildfly-18.0.1.Final-lf1\standalone\tmp
	jdk.debug = release
	line.separator = 

	logging.configuration = file:A:\_Development\wildfly-18.0.1.Final-lf1\wildfly-18.0.1.Final-lf1\standalone\configuration/logging.properties
	module.path = A:\_Development\wildfly-18.0.1.Final-lf1\wildfly-18.0.1.Final-lf1\modules
	org.jboss.boot.log.file = A:\_Development\wildfly-18.0.1.Final-lf1\wildfly-18.0.1.Final-lf1\standalone\log\server.log
	org.jboss.resolver.warning = true
	os.arch = amd64
	os.name = Windows 10
	os.version = 10.0
	path.separator = ;
	program.name = standalone.bat
	sun.arch.data.model = 64
	sun.boot.library.path = C:\Users\Marcus\.jdks\openjdk-15\bin
	sun.cpu.endian = little
	sun.cpu.isalist = amd64
	sun.io.unicode.encoding = UnicodeLittle
	sun.java.command = A:\_Development\wildfly-18.0.1.Final-lf1\wildfly-18.0.1.Final-lf1\jboss-modules.jar -mp A:\_Development\wildfly-18.0.1.Final-lf1\wildfly-18.0.1.Final-lf1\modules org.jboss.as.standalone -Djboss.home.dir=A:\_Development\wildfly-18.0.1.Final-lf1\wildfly-18.0.1.Final-lf1
	sun.java.launcher = SUN_STANDARD
	sun.jnu.encoding = Cp1252
	sun.management.compiler = HotSpot 64-Bit Tiered Compilers
	sun.os.patch.level = 
	user.country = AT
	user.dir = A:\_Development\wildfly-18.0.1.Final-lf1\wildfly-18.0.1.Final-lf1\bin
	user.home = C:\Users\Marcus
	user.language = de
	user.name = Marcus
	user.script = 
	user.timezone = Europe/Vienna
	user.variant = 
2022-11-30 14:56:49,593 DEBUG [org.jboss.as.config] (MSC service thread 1-2) VM Arguments: -Dprogram.name=standalone.bat -Xms64M -Xmx512M -XX:MetaspaceSize=96M -XX:MaxMetaspaceSize=256m -Djava.net.preferIPv4Stack=true -Djboss.modules.system.pkgs=org.jboss.byteman --add-exports=java.base/sun.nio.ch=ALL-UNNAMED --add-exports=jdk.unsupported/sun.misc=ALL-UNNAMED --add-exports=jdk.unsupported/sun.reflect=ALL-UNNAMED -Dorg.jboss.boot.log.file=A:\_Development\wildfly-18.0.1.Final-lf1\wildfly-18.0.1.Final-lf1\standalone\log\server.log -Dlogging.configuration=file:A:\_Development\wildfly-18.0.1.Final-lf1\wildfly-18.0.1.Final-lf1\standalone\configuration/logging.properties 
2022-11-30 14:56:53,720 INFO  [org.wildfly.security] (ServerService Thread Pool -- 28) ELY00001: WildFly Elytron version 1.10.4.Final
2022-11-30 14:57:02,488 INFO  [org.jboss.as.controller.management-deprecated] (Controller Boot Thread) WFLYCTL0028: Attribute 'security-realm' in the resource at address '/core-service=management/management-interface=http-interface' is deprecated, and may be removed in a future version. See the attribute description in the output of the read-resource-description operation to learn more about the deprecation.
2022-11-30 14:57:02,573 INFO  [org.jboss.as.controller.management-deprecated] (ServerService Thread Pool -- 6) WFLYCTL0028: Attribute 'security-realm' in the resource at address '/subsystem=undertow/server=default-server/https-listener=https' is deprecated, and may be removed in a future version. See the attribute description in the output of the read-resource-description operation to learn more about the deprecation.
2022-11-30 14:57:02,633 INFO  [org.jboss.as.server] (Controller Boot Thread) WFLYSRV0039: Creating http management service using socket-binding (management-http)
2022-11-30 14:57:02,655 INFO  [org.xnio] (MSC service thread 1-4) XNIO version 3.7.3.Final
2022-11-30 14:57:02,665 INFO  [org.xnio.nio] (MSC service thread 1-4) XNIO NIO Implementation Version 3.7.3.Final
2022-11-30 14:57:02,789 INFO  [org.jboss.as.clustering.infinispan] (ServerService Thread Pool -- 51) WFLYCLINF0001: Activating Infinispan subsystem.
2022-11-30 14:57:02,793 INFO  [org.wildfly.extension.microprofile.config.smallrye._private] (ServerService Thread Pool -- 60) WFLYCONF0001: Activating WildFly MicroProfile Config Subsystem
2022-11-30 14:57:02,820 INFO  [org.jboss.as.jsf] (ServerService Thread Pool -- 58) WFLYJSF0007: Activated the following JSF Implementations: [main]
2022-11-30 14:57:02,847 INFO  [org.wildfly.extension.microprofile.health.smallrye] (ServerService Thread Pool -- 61) WFLYHEALTH0001: Activating Eclipse MicroProfile Health Subsystem
2022-11-30 14:57:02,966 INFO  [org.jboss.as.connector] (MSC service thread 1-1) WFLYJCA0009: Starting JCA Subsystem (WildFly/IronJacamar 1.4.17.Final)
2022-11-30 14:57:02,981 WARN  [org.jboss.as.txn] (ServerService Thread Pool -- 72) WFLYTX0013: The node-identifier attribute on the /subsystem=transactions is set to the default value. This is a danger for environments running multiple servers. Please make sure the attribute value is unique.
2022-11-30 14:57:02,986 INFO  [org.jboss.as.webservices] (ServerService Thread Pool -- 74) WFLYWS0002: Activating WebServices Extension
2022-11-30 14:57:03,224 INFO  [org.jboss.as.connector.subsystems.datasources] (ServerService Thread Pool -- 43) WFLYJCA0004: Deploying JDBC-compliant driver class org.h2.Driver (version 1.4)
2022-11-30 14:57:03,289 INFO  [org.wildfly.extension.undertow] (MSC service thread 1-6) WFLYUT0003: Undertow 2.0.27.Final starting
2022-11-30 14:57:03,319 INFO  [org.jboss.as.security] (ServerService Thread Pool -- 70) WFLYSEC0002: Activating Security Subsystem
2022-11-30 14:57:03,314 INFO  [org.jboss.as.naming] (ServerService Thread Pool -- 64) WFLYNAM0001: Activating Naming Subsystem
2022-11-30 14:57:03,324 INFO  [org.jboss.as.connector.deployers.jdbc] (MSC service thread 1-8) WFLYJCA0018: Started Driver service with driver-name = h2
2022-11-30 14:57:03,359 INFO  [org.jboss.as.security] (MSC service thread 1-6) WFLYSEC0001: Current PicketBox version=5.0.3.Final
2022-11-30 14:57:03,368 INFO  [org.jboss.as.naming] (MSC service thread 1-8) WFLYNAM0003: Starting Naming Service
2022-11-30 14:57:03,374 INFO  [org.jboss.as.mail.extension] (MSC service thread 1-6) WFLYMAIL0001: Bound mail session [java:jboss/mail/Default]
2022-11-30 14:57:03,395 INFO  [org.wildfly.extension.microprofile.opentracing] (ServerService Thread Pool -- 63) WFLYTRACEXT0001: Activating MicroProfile OpenTracing Subsystem
2022-11-30 14:57:03,405 INFO  [org.wildfly.extension.microprofile.metrics.smallrye] (ServerService Thread Pool -- 62) WFLYMETRICS0001: Activating Eclipse MicroProfile Metrics Subsystem
2022-11-30 14:57:03,429 INFO  [org.wildfly.extension.undertow] (ServerService Thread Pool -- 73) WFLYUT0014: Creating file handler for path 'A:\_Development\wildfly-18.0.1.Final-lf1\wildfly-18.0.1.Final-lf1/welcome-content' with options [directory-listing: 'false', follow-symlink: 'false', case-sensitive: 'true', safe-symlink-paths: '[]']
2022-11-30 14:57:04,262 INFO  [org.jboss.as.jaxrs] (ServerService Thread Pool -- 53) WFLYRS0016: RESTEasy version 3.9.1.Final
2022-11-30 14:57:04,434 INFO  [org.wildfly.extension.io] (ServerService Thread Pool -- 52) WFLYIO001: Worker 'default' has auto-configured to 8 core threads with 64 task threads based on your 4 available processors
2022-11-30 14:57:04,450 INFO  [org.jboss.as.ejb3] (MSC service thread 1-8) WFLYEJB0482: Strict pool mdb-strict-max-pool is using a max instance size of 16 (per class), which is derived from the number of CPUs on this host.
2022-11-30 14:57:04,451 INFO  [org.jboss.as.ejb3] (MSC service thread 1-8) WFLYEJB0481: Strict pool slsb-strict-max-pool is using a max instance size of 64 (per class), which is derived from thread worker pool sizing.
2022-11-30 14:57:04,504 INFO  [org.wildfly.extension.undertow] (MSC service thread 1-5) WFLYUT0012: Started server default-server.
2022-11-30 14:57:04,509 INFO  [org.wildfly.extension.undertow] (MSC service thread 1-7) WFLYUT0018: Host default-host starting
2022-11-30 14:57:04,512 INFO  [org.jboss.remoting] (MSC service thread 1-6) JBoss Remoting version 5.0.15.Final
2022-11-30 14:57:04,552 INFO  [org.wildfly.extension.undertow] (MSC service thread 1-5) WFLYUT0006: Undertow HTTP listener default listening on 127.0.0.1:8080
2022-11-30 14:57:04,681 INFO  [org.jboss.as.ejb3] (MSC service thread 1-3) WFLYEJB0493: EJB subsystem suspension complete
2022-11-30 14:57:04,780 INFO  [org.jboss.as.connector.subsystems.datasources] (MSC service thread 1-4) WFLYJCA0001: Bound data source [java:/datasources/DsFinanceBankDS]
2022-11-30 14:57:04,784 INFO  [org.jboss.as.connector.subsystems.datasources] (MSC service thread 1-4) WFLYJCA0001: Bound data source [java:jboss/datasources/ExampleDS]
2022-11-30 14:57:08,773 INFO  [org.jboss.as.patching] (MSC service thread 1-4) WFLYPAT0050: WildFly Full cumulative patch ID is: base, one-off patches include: none
